TN:
SF:/home/marcus/xblock_development/multichoice/multichoice/static/js/src/manage_questions.js
FN:4,MultiChoiceXBlock
FN:6,(anonymous_2)
FN:10,(anonymous_3)
FN:15,(anonymous_4)
FN:19,(anonymous_5)
FN:26,(anonymous_6)
FN:33,(anonymous_7)
FN:50,(anonymous_8)
FN:56,(anonymous_9)
FN:60,(anonymous_10)
FN:83,(anonymous_11)
FN:148,(anonymous_12)
FN:170,(anonymous_13)
FN:174,(anonymous_14)
FN:196,(anonymous_15)
FN:206,(anonymous_16)
FN:223,(anonymous_17)
FN:235,(anonymous_18)
FN:274,(anonymous_19)
FN:279,(anonymous_20)
FN:307,(anonymous_21)
FN:317,(anonymous_22)
FN:329,(anonymous_23)
FN:333,(anonymous_24)
FN:344,(anonymous_25)
FN:355,(anonymous_26)
FNF:26
FNH:0
FNDA:0,MultiChoiceXBlock
FNDA:0,(anonymous_2)
FNDA:0,(anonymous_3)
FNDA:0,(anonymous_4)
FNDA:0,(anonymous_5)
FNDA:0,(anonymous_6)
FNDA:0,(anonymous_7)
FNDA:0,(anonymous_8)
FNDA:0,(anonymous_9)
FNDA:0,(anonymous_10)
FNDA:0,(anonymous_11)
FNDA:0,(anonymous_12)
FNDA:0,(anonymous_13)
FNDA:0,(anonymous_14)
FNDA:0,(anonymous_15)
FNDA:0,(anonymous_16)
FNDA:0,(anonymous_17)
FNDA:0,(anonymous_18)
FNDA:0,(anonymous_19)
FNDA:0,(anonymous_20)
FNDA:0,(anonymous_21)
FNDA:0,(anonymous_22)
FNDA:0,(anonymous_23)
FNDA:0,(anonymous_24)
FNDA:0,(anonymous_25)
FNDA:0,(anonymous_26)
DA:1,1
DA:4,1
DA:6,0
DA:8,0
DA:10,0
DA:11,0
DA:12,0
DA:15,0
DA:16,0
DA:19,0
DA:20,0
DA:21,0
DA:23,0
DA:26,0
DA:27,0
DA:33,0
DA:35,0
DA:37,0
DA:47,1
DA:50,1
DA:53,1
DA:56,1
DA:58,0
DA:60,0
DA:62,0
DA:64,0
DA:68,0
DA:70,0
DA:72,0
DA:73,0
DA:76,0
DA:77,0
DA:83,1
DA:85,0
DA:86,0
DA:88,0
DA:89,0
DA:91,0
DA:93,0
DA:94,0
DA:96,0
DA:97,0
DA:101,0
DA:102,0
DA:104,0
DA:105,0
DA:107,0
DA:109,0
DA:110,0
DA:111,0
DA:114,0
DA:115,0
DA:117,0
DA:118,0
DA:121,0
DA:123,0
DA:124,0
DA:126,0
DA:127,0
DA:129,0
DA:131,0
DA:133,0
DA:136,0
DA:141,0
DA:142,0
DA:148,1
DA:150,0
DA:151,0
DA:152,0
DA:153,0
DA:154,0
DA:156,0
DA:158,0
DA:159,0
DA:163,0
DA:164,0
DA:167,0
DA:168,0
DA:170,0
DA:171,0
DA:174,0
DA:176,0
DA:178,0
DA:180,0
DA:181,0
DA:182,0
DA:186,0
DA:187,0
DA:188,0
DA:196,1
DA:198,0
DA:199,0
DA:201,0
DA:202,0
DA:206,1
DA:208,0
DA:209,0
DA:210,0
DA:212,0
DA:214,0
DA:215,0
DA:217,0
DA:219,0
DA:220,0
DA:223,1
DA:224,0
DA:225,0
DA:226,0
DA:228,0
DA:230,0
DA:232,0
DA:233,0
DA:235,0
DA:237,0
DA:238,0
DA:239,0
DA:241,0
DA:243,0
DA:244,0
DA:247,0
DA:248,0
DA:250,0
DA:254,0
DA:256,0
DA:257,0
DA:259,0
DA:260,0
DA:264,0
DA:266,0
DA:267,0
DA:271,0
DA:274,1
DA:276,0
DA:277,0
DA:279,0
DA:281,0
DA:282,0
DA:283,0
DA:284,0
DA:286,0
DA:287,0
DA:289,0
DA:291,0
DA:298,0
DA:300,0
DA:307,0
DA:309,0
DA:311,0
DA:315,0
DA:317,0
DA:318,0
DA:319,0
DA:321,0
DA:322,0
DA:329,1
DA:330,0
DA:333,1
DA:335,0
DA:336,0
DA:337,0
DA:339,0
DA:341,0
DA:344,0
DA:346,0
DA:348,0
DA:349,0
DA:351,0
DA:352,0
DA:355,0
DA:357,0
DA:358,0
DA:361,0
LF:172
LH:14
BRDA:20,1,0,0
BRDA:20,1,1,0
BRDA:62,2,0,0
BRDA:62,2,1,0
BRDA:62,3,0,0
BRDA:62,3,1,0
BRDA:72,4,0,0
BRDA:72,4,1,0
BRDA:93,5,0,0
BRDA:93,5,1,0
BRDA:96,6,0,0
BRDA:96,6,1,0
BRDA:101,7,0,0
BRDA:101,7,1,0
BRDA:101,8,0,0
BRDA:101,8,1,0
BRDA:104,9,0,0
BRDA:104,9,1,0
BRDA:107,10,0,0
BRDA:107,10,1,0
BRDA:107,11,0,0
BRDA:107,11,1,0
BRDA:121,12,0,0
BRDA:121,12,1,0
BRDA:126,13,0,0
BRDA:126,13,1,0
BRDA:153,14,0,0
BRDA:153,14,1,0
BRDA:156,15,0,0
BRDA:156,15,1,0
BRDA:178,16,0,0
BRDA:178,16,1,0
BRDA:214,17,0,0
BRDA:214,17,1,0
BRDA:232,18,0,0
BRDA:232,18,1,0
BRDA:241,19,0,0
BRDA:241,19,1,0
BRDA:247,20,0,0
BRDA:247,20,1,0
BRDA:254,21,0,0
BRDA:254,21,1,0
BRDA:256,22,0,0
BRDA:256,22,1,0
BRDA:259,23,0,0
BRDA:259,23,1,0
BRDA:264,24,0,0
BRDA:264,24,1,0
BRDA:286,25,0,0
BRDA:286,25,1,0
BRDA:309,26,0,0
BRDA:309,26,1,0
BRDA:309,27,0,0
BRDA:309,27,1,0
BRDA:321,28,0,0
BRDA:321,28,1,0
BRDA:321,29,0,0
BRDA:321,29,1,0
BRDA:348,30,0,0
BRDA:348,30,1,0
BRF:60
BRH:0
end_of_record
TN:
SF:/home/marcus/xblock_development/multichoice/multichoice/static/js/src/questionnaire_review.js
FN:2,MultiChoiceXBlock
FN:4,invoke
FN:16,(anonymous_3)
FN:20,(anonymous_4)
FN:25,(anonymous_5)
FN:30,(anonymous_6)
FN:38,(anonymous_7)
FN:43,(anonymous_8)
FN:48,(anonymous_9)
FN:54,(anonymous_10)
FN:59,(anonymous_11)
FN:65,(anonymous_12)
FN:73,(anonymous_13)
FN:86,(anonymous_14)
FN:91,(anonymous_15)
FN:116,(anonymous_16)
FN:121,(anonymous_17)
FN:133,(anonymous_18)
FN:137,(anonymous_19)
FNF:19
FNH:0
FNDA:0,MultiChoiceXBlock
FNDA:0,invoke
FNDA:0,(anonymous_3)
FNDA:0,(anonymous_4)
FNDA:0,(anonymous_5)
FNDA:0,(anonymous_6)
FNDA:0,(anonymous_7)
FNDA:0,(anonymous_8)
FNDA:0,(anonymous_9)
FNDA:0,(anonymous_10)
FNDA:0,(anonymous_11)
FNDA:0,(anonymous_12)
FNDA:0,(anonymous_13)
FNDA:0,(anonymous_14)
FNDA:0,(anonymous_15)
FNDA:0,(anonymous_16)
FNDA:0,(anonymous_17)
FNDA:0,(anonymous_18)
FNDA:0,(anonymous_19)
DA:2,1
DA:4,1
DA:6,0
DA:8,0
DA:16,0
DA:18,0
DA:20,0
DA:21,0
DA:22,0
DA:25,0
DA:26,0
DA:30,0
DA:31,0
DA:33,0
DA:35,0
DA:38,0
DA:39,0
DA:41,0
DA:43,0
DA:46,0
DA:48,0
DA:49,0
DA:50,0
DA:54,0
DA:55,0
DA:56,0
DA:59,0
DA:60,0
DA:61,0
DA:65,0
DA:66,0
DA:68,0
DA:69,0
DA:70,0
DA:72,0
DA:73,0
DA:79,0
DA:81,0
DA:86,0
DA:87,0
DA:88,0
DA:91,0
DA:92,0
DA:93,0
DA:113,1
DA:116,1
DA:119,1
DA:121,1
DA:122,0
DA:123,0
DA:124,0
DA:125,0
DA:127,0
DA:129,0
DA:133,1
DA:134,0
DA:137,1
DA:139,0
DA:140,0
DA:142,0
DA:144,0
LF:61
LH:8
BRDA:68,1,0,0
BRDA:68,1,1,0
BRDA:124,2,0,0
BRDA:124,2,1,0
BRF:4
BRH:0
end_of_record
TN:
SF:/home/marcus/xblock_development/multichoice/multichoice/static/js/src/student_view.js
FN:1,AnswerXBlock
FN:5,(anonymous_2)
FN:9,(anonymous_3)
FN:27,(anonymous_4)
FN:36,(anonymous_5)
FN:61,(anonymous_6)
FN:63,(anonymous_7)
FN:74,invoke
FNF:8
FNH:0
FNDA:0,AnswerXBlock
FNDA:0,(anonymous_2)
FNDA:0,(anonymous_3)
FNDA:0,(anonymous_4)
FNDA:0,(anonymous_5)
FNDA:0,(anonymous_6)
FNDA:0,(anonymous_7)
FNDA:0,invoke
DA:1,1
DA:3,0
DA:5,0
DA:9,0
DA:10,0
DA:11,0
DA:12,0
DA:13,0
DA:14,0
DA:15,0
DA:16,0
DA:17,0
DA:18,0
DA:19,0
DA:20,0
DA:21,0
DA:22,0
DA:24,0
DA:25,0
DA:27,0
DA:28,0
DA:30,0
DA:31,0
DA:32,0
DA:33,0
DA:34,0
DA:35,0
DA:36,0
DA:37,0
DA:38,0
DA:39,0
DA:40,0
DA:41,0
DA:42,0
DA:43,0
DA:44,0
DA:45,0
DA:46,0
DA:48,0
DA:53,0
DA:57,0
DA:61,0
DA:62,0
DA:63,0
DA:64,0
DA:65,0
DA:66,0
DA:70,0
DA:74,1
DA:76,0
DA:78,0
LF:51
LH:2
BRDA:18,1,0,0
BRDA:18,1,1,0
BRDA:19,2,0,0
BRDA:19,2,1,0
BRDA:20,3,0,0
BRDA:20,3,1,0
BRDA:20,4,0,0
BRDA:20,4,1,0
BRDA:24,5,0,0
BRDA:24,5,1,0
BRDA:24,6,0,0
BRDA:24,6,1,0
BRDA:45,7,0,0
BRDA:45,7,1,0
BRDA:62,8,0,0
BRDA:62,8,1,0
BRF:16
BRH:0
end_of_record
