TN:
SF:/home/marcus/xblock_development/multichoice/multichoice/static/js/src/manage_questions.js
FN:3,initMultiChoiceXBlock
FN:9,(anonymous_2)
FN:13,(anonymous_3)
FN:20,(anonymous_4)
FN:29,MultiChoiceXBlock
FN:30,(anonymous_6)
FN:36,(anonymous_7)
FN:46,(anonymous_8)
FN:49,(anonymous_9)
FN:56,(anonymous_10)
FN:69,(anonymous_11)
FN:73,(anonymous_12)
FN:96,(anonymous_13)
FN:162,(anonymous_14)
FN:184,(anonymous_15)
FN:188,(anonymous_16)
FN:210,(anonymous_17)
FN:220,(anonymous_18)
FN:237,(anonymous_19)
FN:249,(anonymous_20)
FN:288,(anonymous_21)
FN:293,(anonymous_22)
FN:321,(anonymous_23)
FN:331,(anonymous_24)
FN:343,(anonymous_25)
FN:347,(anonymous_26)
FN:358,(anonymous_27)
FN:369,(anonymous_28)
FNF:28
FNH:13
FNDA:1,initMultiChoiceXBlock
FNDA:0,(anonymous_2)
FNDA:0,(anonymous_3)
FNDA:0,(anonymous_4)
FNDA:0,MultiChoiceXBlock
FNDA:0,(anonymous_6)
FNDA:2,(anonymous_7)
FNDA:2,(anonymous_8)
FNDA:1,(anonymous_9)
FNDA:1,(anonymous_10)
FNDA:2,(anonymous_11)
FNDA:2,(anonymous_12)
FNDA:7,(anonymous_13)
FNDA:8,(anonymous_14)
FNDA:0,(anonymous_15)
FNDA:0,(anonymous_16)
FNDA:2,(anonymous_17)
FNDA:2,(anonymous_18)
FNDA:0,(anonymous_19)
FNDA:0,(anonymous_20)
FNDA:0,(anonymous_21)
FNDA:0,(anonymous_22)
FNDA:0,(anonymous_23)
FNDA:0,(anonymous_24)
FNDA:1,(anonymous_25)
FNDA:1,(anonymous_26)
FNDA:0,(anonymous_27)
FNDA:0,(anonymous_28)
DA:1,1
DA:3,1
DA:5,1
DA:7,1
DA:9,1
DA:10,0
DA:13,1
DA:14,0
DA:15,0
DA:17,0
DA:20,1
DA:21,0
DA:24,1
DA:29,1
DA:30,0
DA:31,0
DA:36,1
DA:37,2
DA:38,2
DA:41,1
DA:42,1
DA:43,1
DA:46,1
DA:48,2
DA:49,2
DA:50,1
DA:51,1
DA:56,1
DA:58,1
DA:60,1
DA:69,1
DA:71,2
DA:73,2
DA:75,2
DA:77,1
DA:81,1
DA:83,1
DA:85,3
DA:86,1
DA:89,1
DA:90,1
DA:96,1
DA:98,7
DA:99,7
DA:101,7
DA:102,7
DA:104,7
DA:106,13
DA:107,6
DA:109,13
DA:110,1
DA:114,7
DA:115,5
DA:117,7
DA:118,2
DA:120,7
DA:122,1
DA:123,1
DA:124,1
DA:127,6
DA:128,6
DA:130,6
DA:131,6
DA:134,6
DA:136,4
DA:137,4
DA:139,4
DA:140,3
DA:142,1
DA:144,4
DA:146,8
DA:149,4
DA:154,2
DA:155,2
DA:158,6
DA:162,1
DA:164,8
DA:165,8
DA:166,8
DA:167,8
DA:168,4
DA:170,8
DA:172,4
DA:173,4
DA:177,4
DA:178,4
DA:181,8
DA:182,8
DA:184,8
DA:185,0
DA:188,8
DA:190,0
DA:192,0
DA:194,0
DA:195,0
DA:196,0
DA:200,0
DA:201,0
DA:202,0
DA:210,1
DA:212,2
DA:213,2
DA:215,2
DA:216,2
DA:220,1
DA:222,2
DA:223,2
DA:224,2
DA:226,2
DA:228,2
DA:229,1
DA:231,1
DA:233,2
DA:234,2
DA:237,1
DA:238,0
DA:239,0
DA:240,0
DA:242,0
DA:244,0
DA:246,0
DA:247,0
DA:249,0
DA:251,0
DA:252,0
DA:253,0
DA:255,0
DA:257,0
DA:258,0
DA:261,0
DA:262,0
DA:264,0
DA:268,0
DA:270,0
DA:271,0
DA:273,0
DA:274,0
DA:278,0
DA:280,0
DA:281,0
DA:285,0
DA:288,1
DA:290,0
DA:291,0
DA:293,0
DA:295,0
DA:296,0
DA:297,0
DA:298,0
DA:300,0
DA:301,0
DA:303,0
DA:305,0
DA:312,0
DA:314,0
DA:321,0
DA:323,0
DA:325,0
DA:329,0
DA:331,0
DA:332,0
DA:333,0
DA:335,0
DA:336,0
DA:343,1
DA:344,1
DA:347,1
DA:349,1
DA:350,1
DA:351,1
DA:353,1
DA:355,3
DA:358,1
DA:360,0
DA:362,0
DA:363,0
DA:365,0
DA:366,0
DA:369,1
DA:371,0
DA:372,0
DA:375,1
LF:182
LH:111
BRDA:14,1,0,0
BRDA:14,1,1,0
BRDA:75,2,0,1
BRDA:75,2,1,1
BRDA:75,3,0,2
BRDA:75,3,1,2
BRDA:75,3,2,2
BRDA:85,4,0,1
BRDA:85,4,1,2
BRDA:106,5,0,6
BRDA:106,5,1,7
BRDA:109,6,0,1
BRDA:109,6,1,12
BRDA:114,7,0,5
BRDA:114,7,1,2
BRDA:114,8,0,7
BRDA:114,8,1,6
BRDA:117,9,0,2
BRDA:117,9,1,5
BRDA:120,10,0,1
BRDA:120,10,1,6
BRDA:120,11,0,7
BRDA:120,11,1,3
BRDA:134,12,0,4
BRDA:134,12,1,2
BRDA:139,13,0,3
BRDA:139,13,1,1
BRDA:167,14,0,4
BRDA:167,14,1,4
BRDA:170,15,0,4
BRDA:170,15,1,4
BRDA:192,16,0,0
BRDA:192,16,1,0
BRDA:228,17,0,1
BRDA:228,17,1,1
BRDA:246,18,0,0
BRDA:246,18,1,0
BRDA:255,19,0,0
BRDA:255,19,1,0
BRDA:261,20,0,0
BRDA:261,20,1,0
BRDA:268,21,0,0
BRDA:268,21,1,0
BRDA:270,22,0,0
BRDA:270,22,1,0
BRDA:273,23,0,0
BRDA:273,23,1,0
BRDA:278,24,0,0
BRDA:278,24,1,0
BRDA:300,25,0,0
BRDA:300,25,1,0
BRDA:323,26,0,0
BRDA:323,26,1,0
BRDA:323,27,0,0
BRDA:323,27,1,0
BRDA:335,28,0,0
BRDA:335,28,1,0
BRDA:335,29,0,0
BRDA:335,29,1,0
BRDA:362,30,0,0
BRDA:362,30,1,0
BRF:61
BRH:31
end_of_record
