<?xml version="1.0"?>
<testsuite name="Chromium 45.0.2454 (Ubuntu 0.0.0)" package="" timestamp="2015-12-03T20:40:01" id="0" hostname="ci" tests="1" errors="0" failures="0" time="0.003">
  <properties>
    <property name="browser.fullName" value="Mozilla/5.0 (X11; Linux i686) AppleWebKit/537.36 (KHTML, like Gecko) Ubuntu Chromium/45.0.2454.101 Chrome/45.0.2454.101 Safari/537.36"/>
  </properties>
  <testcase name="should compute the square root of 4 as 2" time="0.003" classname="something"/>
  <system-out>
    <![CDATA[
]]>
  </system-out>
  <system-err/>
</testsuite>