<?xml version="1.0"?>
<testsuite name="Chromium 45.0.2454 (Ubuntu 0.0.0)" package="" timestamp="2015-12-04T18:52:05" id="0" hostname="ci" tests="1" errors="0" failures="0" time="0.001">
  <properties>
    <property name="browser.fullName" value="Mozilla/5.0 (X11; Linux i686) AppleWebKit/537.36 (KHTML, like Gecko) Ubuntu Chromium/45.0.2454.101 Chrome/45.0.2454.101 Safari/537.36"/>
  </properties>
  <testcase name="invoke should be null" time="0.001" classname="manage_questions"/>
  <system-out>
    <![CDATA[
]]>
  </system-out>
  <system-err/>
</testsuite>